<?xml version="1.0" encoding="utf-8"?><testsuites><testsuite name="pytest" errors="0" failures="0" skipped="0" tests="5" time="0.146" timestamp="2023-02-21T20:58:55.955188" hostname="Nitro5-Rick"><testcase classname="src.tests.test_funcionario.TestClass" name="test_quando_idade_recebe_20_02_1994_deve_retornar_22" time="0.004" /><testcase classname="src.tests.test_funcionario.TestClass" name="test_quando_sobrenome_recebe_rick_alves_deve_retornar_alves" time="0.002" /><testcase classname="src.tests.test_funcionario.TestClass" name="test_quando_descrescimo_salario_recebe_100000_deve_retornar_90000" time="0.002" /><testcase classname="src.tests.test_funcionario.TestClass" name="test_quando_calcular_bonus_recebe_1000_deve_retornar_100" time="0.001" /><testcase classname="src.tests.test_funcionario.TestClass" name="test_quando_calcular_bonus_recebe_100000_deve_retornar_exception" time="0.002" /></testsuite></testsuites>